Configuration file: D:/AI/test/gdst/_config.yml
            Source: D:/AI/test/gdst
       Destination: D:/AI/test/gdst/_site
 Incremental build: disabled. Enable with --incremental
      Generating... 
       Jekyll Feed: Generating feed for posts
                    done in 0.53 seconds.
 Auto-regeneration: enabled for 'D:/AI/test/gdst'
    Server address: http://0.0.0.0:4000/
  Server running... press ctrl-c to stop.
      Regenerating: 1 file(s) changed at 2026-06-20 22:08:36
                    jekyll.log
       Jekyll Feed: Generating feed for posts
                    ...done in 0.2008511 seconds.
                    
      Regenerating: 2 file(s) changed at 2026-06-20 22:08:37
                    jekyll.log
                    jekyll_err.log
       Jekyll Feed: Generating feed for posts
                    ...done in 0.1520582 seconds.
                    
      Regenerating: 2 file(s) changed at 2026-06-20 22:08:38
                    jekyll.log
                    jekyll_err.log
       Jekyll Feed: Generating feed for posts
                    ...done in 0.1105662 seconds.
                    
      Regenerating: 2 file(s) changed at 2026-06-20 22:08:39
                    jekyll.log
                    jekyll_err.log
       Jekyll Feed: Generating feed for posts
                    ...done in 0.1124228 seconds.
                    
      Regenerating: 2 file(s) changed at 2026-06-20 22:08:40
                    jekyll.log
                    jekyll_err.log
       Jekyll Feed: Generating feed for posts
                    ...done in 0.1317655 seconds.
                    
      Regenerating: 2 file(s) changed at 2026-06-20 22:08:41
                    jekyll.log
                    jekyll_err.log
       Jekyll Feed: Generating feed for posts
                    ...done in 0.1152769 seconds.
                    
      Regenerating: 2 file(s) changed at 2026-06-20 22:08:42
                    jekyll.log
                    jekyll_err.log
       Jekyll Feed: Generating feed for posts
                    ...done in 0.1168165 seconds.
                    
      Regenerating: 2 file(s) changed at 2026-06-20 22:08:43
                    jekyll.log
                    jekyll_err.log
       Jekyll Feed: Generating feed for posts
                    ...done in 0.1073221 seconds.
                    
      Regenerating: 2 file(s) changed at 2026-06-20 22:08:44
                    jekyll.log
                    jekyll_err.log
       Jekyll Feed: Generating feed for posts
                    ...done in 0.1149943 seconds.
                    
      Regenerating: 2 file(s) changed at 2026-06-20 22:08:45
                    jekyll.log
                    jekyll_err.log
       Jekyll Feed: Generating feed for posts
                    ...done in 0.1346159 seconds.
                    
      Regenerating: 2 file(s) changed at 2026-06-20 22:08:46
                    jekyll.log
                    jekyll_err.log
       Jekyll Feed: Generating feed for posts
                    ...done in 0.1151062 seconds.
                    
      Regenerating: 2 file(s) changed at 2026-06-20 22:08:47
                    jekyll.log
                    jekyll_err.log
       Jekyll Feed: Generating feed for posts
                    ...done in 0.1471269 seconds.
                    
      Regenerating: 2 file(s) changed at 2026-06-20 22:08:48
                    jekyll.log
                    jekyll_err.log
       Jekyll Feed: Generating feed for posts
                    ...done in 0.1149009 seconds.
                    
      Regenerating: 2 file(s) changed at 2026-06-20 22:08:49
                    jekyll.log
                    jekyll_err.log
       Jekyll Feed: Generating feed for posts
                    ...done in 0.1170478 seconds.
                    
      Regenerating: 2 file(s) changed at 2026-06-20 22:08:50
                    jekyll.log
                    jekyll_err.log
       Jekyll Feed: Generating feed for posts
                    ...done in 0.1198322 seconds.
                    
      Regenerating: 2 file(s) changed at 2026-06-20 22:08:51
                    jekyll.log
                    jekyll_err.log
       Jekyll Feed: Generating feed for posts
                    ...done in 0.1189743 seconds.
                    
      Regenerating: 2 file(s) changed at 2026-06-20 22:08:52
                    jekyll.log
                    jekyll_err.log
       Jekyll Feed: Generating feed for posts
                    ...done in 0.117671 seconds.
                    
      Regenerating: 2 file(s) changed at 2026-06-20 22:08:53
                    jekyll.log
                    jekyll_err.log
       Jekyll Feed: Generating feed for posts
                    ...done in 0.114114 seconds.
                    
      Regenerating: 2 file(s) changed at 2026-06-20 22:08:54
                    jekyll.log
                    jekyll_err.log
       Jekyll Feed: Generating feed for posts
                    ...done in 0.1176359 seconds.
                    
      Regenerating: 2 file(s) changed at 2026-06-20 22:08:55
                    jekyll.log
                    jekyll_err.log
       Jekyll Feed: Generating feed for posts
                    ...done in 0.118178 seconds.
                    
      Regenerating: 2 file(s) changed at 2026-06-20 22:08:56
                    jekyll.log
                    jekyll_err.log
       Jekyll Feed: Generating feed for posts
                    ...done in 0.1151415 seconds.
                    
      Regenerating: 2 file(s) changed at 2026-06-20 22:08:57
                    jekyll.log
                    jekyll_err.log
       Jekyll Feed: Generating feed for posts
                    ...done in 0.1166347 seconds.
                    
      Regenerating: 2 file(s) changed at 2026-06-20 22:08:58
                    jekyll.log
                    jekyll_err.log
       Jekyll Feed: Generating feed for posts
                    ...done in 0.1147797 seconds.
                    
      Regenerating: 2 file(s) changed at 2026-06-20 22:08:59
                    jekyll.log
                    jekyll_err.log
       Jekyll Feed: Generating feed for posts
                    ...done in 0.1188729 seconds.
                    
      Regenerating: 2 file(s) changed at 2026-06-20 22:09:00
                    jekyll.log
                    jekyll_err.log
       Jekyll Feed: Generating feed for posts
                    ...done in 0.1266371 seconds.
                    
      Regenerating: 2 file(s) changed at 2026-06-20 22:09:01
                    jekyll.log
                    jekyll_err.log
       Jekyll Feed: Generating feed for posts
                    ...done in 0.1314925 seconds.
                    
      Regenerating: 2 file(s) changed at 2026-06-20 22:09:02
                    jekyll.log
                    jekyll_err.log
       Jekyll Feed: Generating feed for posts
                    ...done in 0.1310559 seconds.
                    
      Regenerating: 2 file(s) changed at 2026-06-20 22:09:03
                    jekyll.log
                    jekyll_err.log
       Jekyll Feed: Generating feed for posts
                    ...done in 0.1129276 seconds.
                    
      Regenerating: 2 file(s) changed at 2026-06-20 22:09:04
                    jekyll.log
                    jekyll_err.log
       Jekyll Feed: Generating feed for posts
                    ...done in 0.1185907 seconds.
                    
      Regenerating: 2 file(s) changed at 2026-06-20 22:09:05
                    jekyll.log
                    jekyll_err.log
       Jekyll Feed: Generating feed for posts
                    ...done in 0.1128329 seconds.
                    
      Regenerating: 2 file(s) changed at 2026-06-20 22:09:06
                    jekyll.log
                    jekyll_err.log
       Jekyll Feed: Generating feed for posts
                    ...done in 0.1137242 seconds.
                    
      Regenerating: 2 file(s) changed at 2026-06-20 22:09:07
                    jekyll.log
                    jekyll_err.log
       Jekyll Feed: Generating feed for posts
                    ...done in 0.1154092 seconds.
                    
      Regenerating: 2 file(s) changed at 2026-06-20 22:09:08
                    jekyll.log
                    jekyll_err.log
       Jekyll Feed: Generating feed for posts
                    ...done in 0.116152 seconds.
                    
      Regenerating: 2 file(s) changed at 2026-06-20 22:09:09
                    jekyll.log
                    jekyll_err.log
       Jekyll Feed: Generating feed for posts
                    ...done in 0.1409587 seconds.
                    
      Regenerating: 2 file(s) changed at 2026-06-20 22:09:10
                    jekyll.log
                    jekyll_err.log
       Jekyll Feed: Generating feed for posts
                    ...done in 0.1125798 seconds.
                    
      Regenerating: 2 file(s) changed at 2026-06-20 22:09:11
                    jekyll.log
                    jekyll_err.log
       Jekyll Feed: Generating feed for posts
                    ...done in 0.1133821 seconds.
                    
      Regenerating: 2 file(s) changed at 2026-06-20 22:09:12
                    jekyll.log
                    jekyll_err.log
       Jekyll Feed: Generating feed for posts
                    ...done in 0.1123341 seconds.
                    
      Regenerating: 2 file(s) changed at 2026-06-20 22:09:13
                    jekyll.log
                    jekyll_err.log
       Jekyll Feed: Generating feed for posts
                    ...done in 0.1204567 seconds.
                    
      Regenerating: 2 file(s) changed at 2026-06-20 22:09:14
                    jekyll.log
                    jekyll_err.log
       Jekyll Feed: Generating feed for posts
                    ...done in 0.1109159 seconds.
                    
      Regenerating: 2 file(s) changed at 2026-06-20 22:09:15
                    jekyll.log
                    jekyll_err.log
       Jekyll Feed: Generating feed for posts
                    ...done in 0.1202574 seconds.
                    
      Regenerating: 2 file(s) changed at 2026-06-20 22:09:16
                    jekyll.log
                    jekyll_err.log
       Jekyll Feed: Generating feed for posts
                    ...done in 0.1102635 seconds.
                    
      Regenerating: 2 file(s) changed at 2026-06-20 22:09:17
                    jekyll.log
                    jekyll_err.log
       Jekyll Feed: Generating feed for posts
                    ...done in 0.1360045 seconds.
                    
      Regenerating: 2 file(s) changed at 2026-06-20 22:09:18
                    jekyll.log
                    jekyll_err.log
       Jekyll Feed: Generating feed for posts
                    ...done in 0.1113705 seconds.
                    
      Regenerating: 2 file(s) changed at 2026-06-20 22:09:19
                    jekyll.log
                    jekyll_err.log
       Jekyll Feed: Generating feed for posts
                    ...done in 0.1185561 seconds.
                    
      Regenerating: 2 file(s) changed at 2026-06-20 22:09:20
                    jekyll.log
                    jekyll_err.log
       Jekyll Feed: Generating feed for posts
                    ...done in 0.1094662 seconds.
                    
      Regenerating: 2 file(s) changed at 2026-06-20 22:09:21
                    jekyll.log
                    jekyll_err.log
       Jekyll Feed: Generating feed for posts
                    ...done in 0.116448 seconds.
                    
      Regenerating: 2 file(s) changed at 2026-06-20 22:09:22
                    jekyll.log
                    jekyll_err.log
       Jekyll Feed: Generating feed for posts
                    ...done in 0.1182288 seconds.
                    
      Regenerating: 2 file(s) changed at 2026-06-20 22:09:23
                    jekyll.log
                    jekyll_err.log
       Jekyll Feed: Generating feed for posts
                    ...done in 0.1161734 seconds.
                    
      Regenerating: 2 file(s) changed at 2026-06-20 22:09:24
                    jekyll.log
                    jekyll_err.log
       Jekyll Feed: Generating feed for posts
                    ...done in 0.178529 seconds.
                    
      Regenerating: 2 file(s) changed at 2026-06-20 22:09:25
                    jekyll.log
                    jekyll_err.log
       Jekyll Feed: Generating feed for posts
                    ...done in 0.1064663 seconds.
                    
      Regenerating: 2 file(s) changed at 2026-06-20 22:09:26
                    jekyll.log
                    jekyll_err.log
       Jekyll Feed: Generating feed for posts
                    ...done in 0.1127587 seconds.
                    
      Regenerating: 2 file(s) changed at 2026-06-20 22:09:27
                    jekyll.log
                    jekyll_err.log
       Jekyll Feed: Generating feed for posts
                    ...done in 0.106889 seconds.
                    
      Regenerating: 2 file(s) changed at 2026-06-20 22:09:28
                    jekyll.log
                    jekyll_err.log
       Jekyll Feed: Generating feed for posts
                    ...done in 0.1139264 seconds.
                    
      Regenerating: 2 file(s) changed at 2026-06-20 22:09:29
                    jekyll.log
                    jekyll_err.log
       Jekyll Feed: Generating feed for posts
                    ...done in 0.120319 seconds.
                    
      Regenerating: 2 file(s) changed at 2026-06-20 22:09:30
                    jekyll.log
                    jekyll_err.log
       Jekyll Feed: Generating feed for posts
                    ...done in 0.1128354 seconds.
                    
      Regenerating: 2 file(s) changed at 2026-06-20 22:09:31
                    jekyll.log
                    jekyll_err.log
       Jekyll Feed: Generating feed for posts
                    ...done in 0.1143195 seconds.
                    
      Regenerating: 2 file(s) changed at 2026-06-20 22:09:32
                    jekyll.log
                    jekyll_err.log
       Jekyll Feed: Generating feed for posts
                    ...done in 0.1191489 seconds.
                    
      Regenerating: 2 file(s) changed at 2026-06-20 22:09:33
                    jekyll.log
                    jekyll_err.log
       Jekyll Feed: Generating feed for posts
                    ...done in 0.1128656 seconds.
                    
      Regenerating: 2 file(s) changed at 2026-06-20 22:09:34
                    jekyll.log
                    jekyll_err.log
       Jekyll Feed: Generating feed for posts
                    ...done in 0.114502 seconds.
                    
      Regenerating: 2 file(s) changed at 2026-06-20 22:09:35
                    jekyll.log
                    jekyll_err.log
       Jekyll Feed: Generating feed for posts
                    ...done in 0.1131207 seconds.
                    
      Regenerating: 2 file(s) changed at 2026-06-20 22:09:36
                    jekyll.log
                    jekyll_err.log
       Jekyll Feed: Generating feed for posts
                    ...done in 0.1188145 seconds.
                    
      Regenerating: 2 file(s) changed at 2026-06-20 22:09:37
                    jekyll.log
                    jekyll_err.log
       Jekyll Feed: Generating feed for posts
                    ...done in 0.1937555 seconds.
                    
      Regenerating: 2 file(s) changed at 2026-06-20 22:09:38
                    jekyll.log
                    jekyll_err.log
       Jekyll Feed: Generating feed for posts
                    ...done in 0.1102778 seconds.
                    
      Regenerating: 2 file(s) changed at 2026-06-20 22:09:39
                    jekyll.log
                    jekyll_err.log
       Jekyll Feed: Generating feed for posts
                    ...done in 0.1118657 seconds.
                    
      Regenerating: 2 file(s) changed at 2026-06-20 22:09:40
                    jekyll.log
                    jekyll_err.log
       Jekyll Feed: Generating feed for posts
                    ...done in 0.1105639 seconds.
                    
      Regenerating: 2 file(s) changed at 2026-06-20 22:09:41
                    jekyll.log
                    jekyll_err.log
       Jekyll Feed: Generating feed for posts
                    ...done in 0.1092328 seconds.
                    
      Regenerating: 2 file(s) changed at 2026-06-20 22:09:42
                    jekyll.log
                    jekyll_err.log
       Jekyll Feed: Generating feed for posts
                    ...done in 0.1111996 seconds.
                    
      Regenerating: 2 file(s) changed at 2026-06-20 22:09:43
                    jekyll.log
                    jekyll_err.log
       Jekyll Feed: Generating feed for posts
                    ...done in 0.1134416 seconds.
                    
      Regenerating: 2 file(s) changed at 2026-06-20 22:09:44
                    jekyll.log
                    jekyll_err.log
       Jekyll Feed: Generating feed for posts
                    ...done in 0.114444 seconds.
                    
      Regenerating: 2 file(s) changed at 2026-06-20 22:09:45
                    jekyll.log
                    jekyll_err.log
       Jekyll Feed: Generating feed for posts
                    ...done in 0.1099983 seconds.
                    
      Regenerating: 2 file(s) changed at 2026-06-20 22:09:46
                    jekyll.log
                    jekyll_err.log
       Jekyll Feed: Generating feed for posts
                    ...done in 0.1124784 seconds.
                    
      Regenerating: 2 file(s) changed at 2026-06-20 22:09:47
                    jekyll.log
                    jekyll_err.log
       Jekyll Feed: Generating feed for posts
                    ...done in 0.1112458 seconds.
                    
      Regenerating: 2 file(s) changed at 2026-06-20 22:09:48
                    jekyll.log
                    jekyll_err.log
       Jekyll Feed: Generating feed for posts
                    ...done in 0.1214334 seconds.
                    
      Regenerating: 2 file(s) changed at 2026-06-20 22:09:49
                    jekyll.log
                    jekyll_err.log
       Jekyll Feed: Generating feed for posts
                    ...done in 0.1231434 seconds.
                    
      Regenerating: 2 file(s) changed at 2026-06-20 22:09:50
                    jekyll.log
                    jekyll_err.log
       Jekyll Feed: Generating feed for posts
                    ...done in 0.123571 seconds.
                    
      Regenerating: 2 file(s) changed at 2026-06-20 22:09:51
                    jekyll.log
                    jekyll_err.log
       Jekyll Feed: Generating feed for posts
                    ...done in 0.1388597 seconds.
                    
      Regenerating: 2 file(s) changed at 2026-06-20 22:09:52
                    jekyll.log
                    jekyll_err.log
       Jekyll Feed: Generating feed for posts
                    ...done in 0.1235698 seconds.
                    
      Regenerating: 2 file(s) changed at 2026-06-20 22:09:53
                    jekyll.log
                    jekyll_err.log
       Jekyll Feed: Generating feed for posts
                    ...done in 0.1443478 seconds.
                    
      Regenerating: 2 file(s) changed at 2026-06-20 22:09:54
                    jekyll.log
                    jekyll_err.log
       Jekyll Feed: Generating feed for posts
                    ...done in 0.10559 seconds.
                    
      Regenerating: 2 file(s) changed at 2026-06-20 22:09:55
                    jekyll.log
                    jekyll_err.log
       Jekyll Feed: Generating feed for posts
                    ...done in 0.1134165 seconds.
                    
      Regenerating: 2 file(s) changed at 2026-06-20 22:09:56
                    jekyll.log
                    jekyll_err.log
       Jekyll Feed: Generating feed for posts
                    ...done in 0.1180507 seconds.
                    
      Regenerating: 2 file(s) changed at 2026-06-20 22:09:57
                    jekyll.log
                    jekyll_err.log
       Jekyll Feed: Generating feed for posts
                    ...done in 0.1117666 seconds.
                    
      Regenerating: 2 file(s) changed at 2026-06-20 22:09:58
                    jekyll.log
                    jekyll_err.log
       Jekyll Feed: Generating feed for posts
                    ...done in 0.1106755 seconds.
                    
      Regenerating: 2 file(s) changed at 2026-06-20 22:09:59
                    jekyll.log
                    jekyll_err.log
       Jekyll Feed: Generating feed for posts
                    ...done in 0.1737378 seconds.
                    
      Regenerating: 2 file(s) changed at 2026-06-20 22:10:00
                    jekyll.log
                    jekyll_err.log
       Jekyll Feed: Generating feed for posts
                    ...done in 0.1188296 seconds.
                    
      Regenerating: 2 file(s) changed at 2026-06-20 22:10:01
                    jekyll.log
                    jekyll_err.log
       Jekyll Feed: Generating feed for posts
                    ...done in 0.1241409 seconds.
                    
      Regenerating: 2 file(s) changed at 2026-06-20 22:10:02
                    jekyll.log
                    jekyll_err.log
       Jekyll Feed: Generating feed for posts
                    ...done in 0.1320648 seconds.
                    
      Regenerating: 2 file(s) changed at 2026-06-20 22:10:03
                    jekyll.log
                    jekyll_err.log
       Jekyll Feed: Generating feed for posts
                    ...done in 0.1210214 seconds.
                    
      Regenerating: 2 file(s) changed at 2026-06-20 22:10:04
                    jekyll.log
                    jekyll_err.log
       Jekyll Feed: Generating feed for posts
                    ...done in 0.1178379 seconds.
                    
      Regenerating: 2 file(s) changed at 2026-06-20 22:10:05
                    jekyll.log
                    jekyll_err.log
       Jekyll Feed: Generating feed for posts
                    ...done in 0.1189816 seconds.
                    
      Regenerating: 2 file(s) changed at 2026-06-20 22:10:06
                    jekyll.log
                    jekyll_err.log
       Jekyll Feed: Generating feed for posts
                    ...done in 0.1224467 seconds.
                    
      Regenerating: 2 file(s) changed at 2026-06-20 22:10:07
                    jekyll.log
                    jekyll_err.log
       Jekyll Feed: Generating feed for posts
                    ...done in 0.10208 seconds.
                    
      Regenerating: 2 file(s) changed at 2026-06-20 22:10:08
                    jekyll.log
                    jekyll_err.log
       Jekyll Feed: Generating feed for posts
                    ...done in 0.1019346 seconds.
                    
      Regenerating: 2 file(s) changed at 2026-06-20 22:10:09
                    jekyll.log
                    jekyll_err.log
       Jekyll Feed: Generating feed for posts
                    ...done in 0.1062903 seconds.
                    
      Regenerating: 2 file(s) changed at 2026-06-20 22:10:10
                    jekyll.log
                    jekyll_err.log
       Jekyll Feed: Generating feed for posts
                    ...done in 0.1036467 seconds.
                    
      Regenerating: 2 file(s) changed at 2026-06-20 22:10:11
                    jekyll.log
                    jekyll_err.log
       Jekyll Feed: Generating feed for posts
                    ...done in 0.1048857 seconds.
                    
      Regenerating: 2 file(s) changed at 2026-06-20 22:10:12
                    jekyll.log
                    jekyll_err.log
       Jekyll Feed: Generating feed for posts
                    ...done in 0.1009792 seconds.
                    
      Regenerating: 2 file(s) changed at 2026-06-20 22:10:13
                    jekyll.log
                    jekyll_err.log
       Jekyll Feed: Generating feed for posts
                    ...done in 0.1027128 seconds.
                    
      Regenerating: 2 file(s) changed at 2026-06-20 22:10:14
                    jekyll.log
                    jekyll_err.log
       Jekyll Feed: Generating feed for posts
                    ...done in 0.1028875 seconds.
                    
      Regenerating: 2 file(s) changed at 2026-06-20 22:10:15
                    jekyll.log
                    jekyll_err.log
       Jekyll Feed: Generating feed for posts
                    ...done in 0.1016821 seconds.
                    
      Regenerating: 2 file(s) changed at 2026-06-20 22:10:16
                    jekyll.log
                    jekyll_err.log
       Jekyll Feed: Generating feed for posts
                    ...done in 0.103686 seconds.
                    
      Regenerating: 2 file(s) changed at 2026-06-20 22:10:17
                    jekyll.log
                    jekyll_err.log
       Jekyll Feed: Generating feed for posts
                    ...done in 0.1028355 seconds.
                    
      Regenerating: 2 file(s) changed at 2026-06-20 22:10:18
                    jekyll.log
                    jekyll_err.log
       Jekyll Feed: Generating feed for posts
                    ...done in 0.1009244 seconds.
                    
      Regenerating: 2 file(s) changed at 2026-06-20 22:10:19
                    jekyll.log
                    jekyll_err.log
       Jekyll Feed: Generating feed for posts
                    ...done in 0.1078637 seconds.
                    
      Regenerating: 2 file(s) changed at 2026-06-20 22:10:20
                    jekyll.log
                    jekyll_err.log
       Jekyll Feed: Generating feed for posts
                    ...done in 0.1562959 seconds.
                    
      Regenerating: 2 file(s) changed at 2026-06-20 22:10:21
                    jekyll.log
                    jekyll_err.log
       Jekyll Feed: Generating feed for posts
                    ...done in 0.1002075 seconds.
                    
      Regenerating: 2 file(s) changed at 2026-06-20 22:10:22
                    jekyll.log
                    jekyll_err.log
       Jekyll Feed: Generating feed for posts
                    ...done in 0.1042387 seconds.
                    
      Regenerating: 2 file(s) changed at 2026-06-20 22:10:23
                    jekyll.log
                    jekyll_err.log
       Jekyll Feed: Generating feed for posts
                    ...done in 0.1025869 seconds.
                    
      Regenerating: 2 file(s) changed at 2026-06-20 22:10:24
                    jekyll.log
                    jekyll_err.log
       Jekyll Feed: Generating feed for posts
                    ...done in 0.1042021 seconds.
                    
      Regenerating: 2 file(s) changed at 2026-06-20 22:10:25
                    jekyll.log
                    jekyll_err.log
       Jekyll Feed: Generating feed for posts
                    ...done in 0.1012258 seconds.
                    
      Regenerating: 2 file(s) changed at 2026-06-20 22:10:26
                    jekyll.log
                    jekyll_err.log
       Jekyll Feed: Generating feed for posts
                    ...done in 0.0963272 seconds.
                    
      Regenerating: 2 file(s) changed at 2026-06-20 22:10:27
                    jekyll.log
                    jekyll_err.log
       Jekyll Feed: Generating feed for posts
                    ...done in 0.1014648 seconds.
                    
      Regenerating: 2 file(s) changed at 2026-06-20 22:10:28
                    jekyll.log
                    jekyll_err.log
       Jekyll Feed: Generating feed for posts
                    ...done in 0.1018549 seconds.
                    
      Regenerating: 2 file(s) changed at 2026-06-20 22:10:29
                    jekyll.log
                    jekyll_err.log
       Jekyll Feed: Generating feed for posts
                    ...done in 0.098939 seconds.
                    
      Regenerating: 2 file(s) changed at 2026-06-20 22:10:30
                    jekyll.log
                    jekyll_err.log
       Jekyll Feed: Generating feed for posts
                    ...done in 0.1187302 seconds.
                    
      Regenerating: 2 file(s) changed at 2026-06-20 22:10:31
                    jekyll.log
                    jekyll_err.log
       Jekyll Feed: Generating feed for posts
                    ...done in 0.0997855 seconds.
                    
      Regenerating: 2 file(s) changed at 2026-06-20 22:10:32
                    jekyll.log
                    jekyll_err.log
       Jekyll Feed: Generating feed for posts
                    ...done in 0.1014935 seconds.
                    
      Regenerating: 2 file(s) changed at 2026-06-20 22:10:33
                    jekyll.log
                    jekyll_err.log
       Jekyll Feed: Generating feed for posts
                    ...done in 0.1009892 seconds.
                    
      Regenerating: 2 file(s) changed at 2026-06-20 22:10:34
                    jekyll.log
                    jekyll_err.log
       Jekyll Feed: Generating feed for posts
                    ...done in 0.0979688 seconds.
                    
      Regenerating: 2 file(s) changed at 2026-06-20 22:10:35
                    jekyll.log
                    jekyll_err.log
       Jekyll Feed: Generating feed for posts
                    ...done in 0.1053706 seconds.
                    
      Regenerating: 2 file(s) changed at 2026-06-20 22:10:36
                    jekyll.log
                    jekyll_err.log
       Jekyll Feed: Generating feed for posts
                    ...done in 0.0997128 seconds.
                    
      Regenerating: 2 file(s) changed at 2026-06-20 22:10:37
                    jekyll.log
                    jekyll_err.log
       Jekyll Feed: Generating feed for posts
                    ...done in 0.1011824 seconds.
                    
      Regenerating: 2 file(s) changed at 2026-06-20 22:10:38
                    jekyll.log
                    jekyll_err.log
       Jekyll Feed: Generating feed for posts
                    ...done in 0.1020496 seconds.
                    
      Regenerating: 2 file(s) changed at 2026-06-20 22:10:39
                    jekyll.log
                    jekyll_err.log
       Jekyll Feed: Generating feed for posts
                    ...done in 0.1022417 seconds.
                    
      Regenerating: 2 file(s) changed at 2026-06-20 22:10:40
                    jekyll.log
                    jekyll_err.log
       Jekyll Feed: Generating feed for posts
                    ...done in 0.0985877 seconds.
                    
      Regenerating: 2 file(s) changed at 2026-06-20 22:10:41
                    jekyll.log
                    jekyll_err.log
       Jekyll Feed: Generating feed for posts
                    ...done in 0.1007851 seconds.
                    
      Regenerating: 2 file(s) changed at 2026-06-20 22:10:42
                    jekyll.log
                    jekyll_err.log
       Jekyll Feed: Generating feed for posts
                    ...done in 0.1019641 seconds.
                    
      Regenerating: 2 file(s) changed at 2026-06-20 22:10:43
                    jekyll.log
                    jekyll_err.log
       Jekyll Feed: Generating feed for posts
                    ...done in 0.1005518 seconds.
                    
      Regenerating: 2 file(s) changed at 2026-06-20 22:10:44
                    jekyll.log
                    jekyll_err.log
       Jekyll Feed: Generating feed for posts
                    ...done in 0.1058831 seconds.
                    
      Regenerating: 2 file(s) changed at 2026-06-20 22:10:45
                    jekyll.log
                    jekyll_err.log
       Jekyll Feed: Generating feed for posts
                    ...done in 0.1002691 seconds.
                    
      Regenerating: 2 file(s) changed at 2026-06-20 22:10:46
                    jekyll.log
                    jekyll_err.log
       Jekyll Feed: Generating feed for posts
                    ...done in 0.1015586 seconds.
                    
      Regenerating: 2 file(s) changed at 2026-06-20 22:10:47
                    jekyll.log
                    jekyll_err.log
       Jekyll Feed: Generating feed for posts
                    ...done in 0.1056957 seconds.
                    
      Regenerating: 2 file(s) changed at 2026-06-20 22:10:48
                    jekyll.log
                    jekyll_err.log
       Jekyll Feed: Generating feed for posts
                    ...done in 0.1037791 seconds.
                    
      Regenerating: 2 file(s) changed at 2026-06-20 22:10:49
                    jekyll.log
                    jekyll_err.log
       Jekyll Feed: Generating feed for posts
                    ...done in 0.1001911 seconds.
                    
      Regenerating: 2 file(s) changed at 2026-06-20 22:10:50
                    jekyll.log
                    jekyll_err.log
       Jekyll Feed: Generating feed for posts
                    ...done in 0.1110127 seconds.
                    
      Regenerating: 2 file(s) changed at 2026-06-20 22:10:51
                    jekyll.log
                    jekyll_err.log
       Jekyll Feed: Generating feed for posts
                    ...done in 0.1048027 seconds.
                    
      Regenerating: 2 file(s) changed at 2026-06-20 22:10:52
                    jekyll.log
                    jekyll_err.log
       Jekyll Feed: Generating feed for posts
                    ...done in 0.1023299 seconds.
                    
      Regenerating: 2 file(s) changed at 2026-06-20 22:10:53
                    jekyll.log
                    jekyll_err.log
       Jekyll Feed: Generating feed for posts
                    ...done in 0.1001571 seconds.
                    
      Regenerating: 2 file(s) changed at 2026-06-20 22:10:54
                    jekyll.log
                    jekyll_err.log
       Jekyll Feed: Generating feed for posts
                    ...done in 0.1032728 seconds.
                    
      Regenerating: 2 file(s) changed at 2026-06-20 22:10:55
                    jekyll.log
                    jekyll_err.log
       Jekyll Feed: Generating feed for posts
                    ...done in 0.1027529 seconds.
                    
      Regenerating: 2 file(s) changed at 2026-06-20 22:10:56
                    jekyll.log
                    jekyll_err.log
       Jekyll Feed: Generating feed for posts
                    ...done in 0.0994492 seconds.
                    
      Regenerating: 2 file(s) changed at 2026-06-20 22:10:57
                    jekyll.log
                    jekyll_err.log
       Jekyll Feed: Generating feed for posts
                    ...done in 0.1049291 seconds.
                    
      Regenerating: 2 file(s) changed at 2026-06-20 22:10:58
                    jekyll.log
                    jekyll_err.log
       Jekyll Feed: Generating feed for posts
                    ...done in 0.0982156 seconds.
                    
      Regenerating: 2 file(s) changed at 2026-06-20 22:10:59
                    jekyll.log
                    jekyll_err.log
       Jekyll Feed: Generating feed for posts
                    ...done in 0.1005423 seconds.
                    
      Regenerating: 2 file(s) changed at 2026-06-20 22:11:00
                    jekyll.log
                    jekyll_err.log
       Jekyll Feed: Generating feed for posts
                    ...done in 0.0979584 seconds.
                    
      Regenerating: 2 file(s) changed at 2026-06-20 22:11:01
                    jekyll.log
                    jekyll_err.log
       Jekyll Feed: Generating feed for posts
                    ...done in 0.1005033 seconds.
                    
      Regenerating: 2 file(s) changed at 2026-06-20 22:11:02
                    jekyll.log
                    jekyll_err.log
       Jekyll Feed: Generating feed for posts
                    ...done in 0.1020571 seconds.
                    
      Regenerating: 2 file(s) changed at 2026-06-20 22:11:03
                    jekyll.log
                    jekyll_err.log
       Jekyll Feed: Generating feed for posts
                    ...done in 0.1010256 seconds.
                    
      Regenerating: 2 file(s) changed at 2026-06-20 22:11:04
                    jekyll.log
                    jekyll_err.log
       Jekyll Feed: Generating feed for posts
                    ...done in 0.1022898 seconds.
                    
      Regenerating: 2 file(s) changed at 2026-06-20 22:11:05
                    jekyll.log
                    jekyll_err.log
       Jekyll Feed: Generating feed for posts
                    ...done in 0.1047397 seconds.
                    
      Regenerating: 2 file(s) changed at 2026-06-20 22:11:06
                    jekyll.log
                    jekyll_err.log
       Jekyll Feed: Generating feed for posts
                    ...done in 0.0991397 seconds.
                    
      Regenerating: 2 file(s) changed at 2026-06-20 22:11:07
                    jekyll.log
                    jekyll_err.log
       Jekyll Feed: Generating feed for posts
                    ...done in 0.0995438 seconds.
                    
      Regenerating: 2 file(s) changed at 2026-06-20 22:11:08
                    jekyll.log
                    jekyll_err.log
       Jekyll Feed: Generating feed for posts
                    ...done in 0.1021315 seconds.
                    
      Regenerating: 2 file(s) changed at 2026-06-20 22:11:09
                    jekyll.log
                    jekyll_err.log
       Jekyll Feed: Generating feed for posts
                    ...done in 0.1003758 seconds.
                    
      Regenerating: 2 file(s) changed at 2026-06-20 22:11:10
                    jekyll.log
                    jekyll_err.log
       Jekyll Feed: Generating feed for posts
                    ...done in 0.1017562 seconds.
                    
      Regenerating: 2 file(s) changed at 2026-06-20 22:11:11
                    jekyll.log
                    jekyll_err.log
       Jekyll Feed: Generating feed for posts
                    ...done in 0.1193104 seconds.
                    
      Regenerating: 2 file(s) changed at 2026-06-20 22:11:12
                    jekyll.log
                    jekyll_err.log
       Jekyll Feed: Generating feed for posts
                    ...done in 0.1105093 seconds.
                    
      Regenerating: 2 file(s) changed at 2026-06-20 22:11:13
                    jekyll.log
                    jekyll_err.log
       Jekyll Feed: Generating feed for posts
                    ...done in 0.1042333 seconds.
                    
      Regenerating: 2 file(s) changed at 2026-06-20 22:11:14
                    jekyll.log
                    jekyll_err.log
       Jekyll Feed: Generating feed for posts
                    ...done in 0.1051571 seconds.
                    
      Regenerating: 2 file(s) changed at 2026-06-20 22:11:15
                    jekyll.log
                    jekyll_err.log
       Jekyll Feed: Generating feed for posts
                    ...done in 0.105003 seconds.
                    
      Regenerating: 2 file(s) changed at 2026-06-20 22:11:16
                    jekyll.log
                    jekyll_err.log
       Jekyll Feed: Generating feed for posts
                    ...done in 0.1088214 seconds.
                    
      Regenerating: 2 file(s) changed at 2026-06-20 22:11:17
                    jekyll.log
                    jekyll_err.log
       Jekyll Feed: Generating feed for posts
                    ...done in 0.1016406 seconds.
                    
      Regenerating: 2 file(s) changed at 2026-06-20 22:11:18
                    jekyll.log
                    jekyll_err.log
       Jekyll Feed: Generating feed for posts
                    ...done in 0.1383189 seconds.
                    
      Regenerating: 2 file(s) changed at 2026-06-20 22:11:19
                    jekyll.log
                    jekyll_err.log
       Jekyll Feed: Generating feed for posts
                    ...done in 0.1044808 seconds.
                    
      Regenerating: 2 file(s) changed at 2026-06-20 22:11:20
                    jekyll.log
                    jekyll_err.log
       Jekyll Feed: Generating feed for posts
                    ...done in 0.1010122 seconds.
                    
      Regenerating: 2 file(s) changed at 2026-06-20 22:11:21
                    jekyll.log
                    jekyll_err.log
       Jekyll Feed: Generating feed for posts
                    ...done in 0.1081616 seconds.
                    
      Regenerating: 2 file(s) changed at 2026-06-20 22:11:22
                    jekyll.log
                    jekyll_err.log
       Jekyll Feed: Generating feed for posts
                    ...done in 0.1037152 seconds.
                    
      Regenerating: 2 file(s) changed at 2026-06-20 22:11:23
                    jekyll.log
                    jekyll_err.log
       Jekyll Feed: Generating feed for posts
                    ...done in 0.103525 seconds.
                    
      Regenerating: 2 file(s) changed at 2026-06-20 22:11:24
                    jekyll.log
                    jekyll_err.log
       Jekyll Feed: Generating feed for posts
                    ...done in 0.1035196 seconds.
                    
      Regenerating: 2 file(s) changed at 2026-06-20 22:11:25
                    jekyll.log
                    jekyll_err.log
       Jekyll Feed: Generating feed for posts
                    ...done in 0.1034879 seconds.
                    
      Regenerating: 2 file(s) changed at 2026-06-20 22:11:26
                    jekyll.log
                    jekyll_err.log
       Jekyll Feed: Generating feed for posts
                    ...done in 0.1027765 seconds.
                    
      Regenerating: 2 file(s) changed at 2026-06-20 22:11:27
                    jekyll.log
                    jekyll_err.log
       Jekyll Feed: Generating feed for posts
                    ...done in 0.1025532 seconds.
                    
      Regenerating: 2 file(s) changed at 2026-06-20 22:11:28
                    jekyll.log
                    jekyll_err.log
       Jekyll Feed: Generating feed for posts
                    ...done in 0.1045657 seconds.
                    
      Regenerating: 2 file(s) changed at 2026-06-20 22:11:29
                    jekyll.log
                    jekyll_err.log
       Jekyll Feed: Generating feed for posts
                    ...done in 0.1016531 seconds.
                    
      Regenerating: 2 file(s) changed at 2026-06-20 22:11:30
                    jekyll.log
                    jekyll_err.log
       Jekyll Feed: Generating feed for posts
                    ...done in 0.1013772 seconds.
                    
      Regenerating: 2 file(s) changed at 2026-06-20 22:11:31
                    jekyll.log
                    jekyll_err.log
       Jekyll Feed: Generating feed for posts
                    ...done in 0.1096156 seconds.
                    
      Regenerating: 2 file(s) changed at 2026-06-20 22:11:32
                    jekyll.log
                    jekyll_err.log
       Jekyll Feed: Generating feed for posts
                    ...done in 0.1020463 seconds.
                    
      Regenerating: 2 file(s) changed at 2026-06-20 22:11:33
                    jekyll.log
                    jekyll_err.log
       Jekyll Feed: Generating feed for posts
                    ...done in 0.1041093 seconds.
                    
      Regenerating: 2 file(s) changed at 2026-06-20 22:11:34
                    jekyll.log
                    jekyll_err.log
       Jekyll Feed: Generating feed for posts
                    ...done in 0.1123093 seconds.
                    
      Regenerating: 2 file(s) changed at 2026-06-20 22:11:35
                    jekyll.log
                    jekyll_err.log
       Jekyll Feed: Generating feed for posts
                    ...done in 0.1146858 seconds.
                    
      Regenerating: 2 file(s) changed at 2026-06-20 22:11:36
                    jekyll.log
                    jekyll_err.log
       Jekyll Feed: Generating feed for posts
                    ...done in 0.1097749 seconds.
                    
      Regenerating: 2 file(s) changed at 2026-06-20 22:11:37
                    jekyll.log
                    jekyll_err.log
       Jekyll Feed: Generating feed for posts
                    ...done in 0.1004458 seconds.
                    
      Regenerating: 2 file(s) changed at 2026-06-20 22:11:38
                    jekyll.log
                    jekyll_err.log
       Jekyll Feed: Generating feed for posts
                    ...done in 0.1047001 seconds.
                    
      Regenerating: 2 file(s) changed at 2026-06-20 22:11:39
                    jekyll.log
                    jekyll_err.log
       Jekyll Feed: Generating feed for posts
                    ...done in 0.1106093 seconds.
                    
      Regenerating: 2 file(s) changed at 2026-06-20 22:11:40
                    jekyll.log
                    jekyll_err.log
       Jekyll Feed: Generating feed for posts
                    ...done in 0.1079654 seconds.
                    
      Regenerating: 2 file(s) changed at 2026-06-20 22:11:41
                    jekyll.log
                    jekyll_err.log
       Jekyll Feed: Generating feed for posts
                    ...done in 0.103055 seconds.
                    
      Regenerating: 2 file(s) changed at 2026-06-20 22:11:42
                    jekyll.log
                    jekyll_err.log
       Jekyll Feed: Generating feed for posts
                    ...done in 0.1141785 seconds.
                    
      Regenerating: 2 file(s) changed at 2026-06-20 22:11:43
                    jekyll.log
                    jekyll_err.log
       Jekyll Feed: Generating feed for posts
                    ...done in 0.1067055 seconds.
                    
      Regenerating: 2 file(s) changed at 2026-06-20 22:11:44
                    jekyll.log
                    jekyll_err.log
       Jekyll Feed: Generating feed for posts
                    ...done in 0.1823356 seconds.
                    
      Regenerating: 2 file(s) changed at 2026-06-20 22:11:45
                    jekyll.log
                    jekyll_err.log
       Jekyll Feed: Generating feed for posts
                    ...done in 0.1506373 seconds.
                    
[2026-06-20 22:11:46] ERROR '/脱下.jpg' not found.
[2026-06-20 22:11:46] ERROR '/处境.jpg' not found.
[2026-06-20 22:11:46] ERROR '/十字架.jpg' not found.
      Regenerating: 2 file(s) changed at 2026-06-20 22:11:46
                    jekyll.log
                    jekyll_err.log
       Jekyll Feed: Generating feed for posts
                    ...done in 0.0936764 seconds.
                    
[2026-06-20 22:11:46] ERROR '/favicon.ico' not found.
      Regenerating: 2 file(s) changed at 2026-06-20 22:11:47
                    jekyll.log
                    jekyll_err.log
       Jekyll Feed: Generating feed for posts
                    ...done in 0.1413943 seconds.
                    
      Regenerating: 2 file(s) changed at 2026-06-20 22:11:48
                    jekyll.log
                    jekyll_err.log
       Jekyll Feed: Generating feed for posts
                    ...done in 0.0970087 seconds.
                    
      Regenerating: 2 file(s) changed at 2026-06-20 22:11:49
                    jekyll.log
                    jekyll_err.log
       Jekyll Feed: Generating feed for posts
                    ...done in 0.103487 seconds.
                    
      Regenerating: 2 file(s) changed at 2026-06-20 22:11:50
                    jekyll.log
                    jekyll_err.log
       Jekyll Feed: Generating feed for posts
                    ...done in 0.1008903 seconds.
                    
      Regenerating: 2 file(s) changed at 2026-06-20 22:11:51
                    jekyll.log
                    jekyll_err.log
       Jekyll Feed: Generating feed for posts
                    ...done in 0.1052846 seconds.
                    
      Regenerating: 2 file(s) changed at 2026-06-20 22:11:52
                    jekyll.log
                    jekyll_err.log
       Jekyll Feed: Generating feed for posts
                    ...done in 0.1016894 seconds.
                    
      Regenerating: 2 file(s) changed at 2026-06-20 22:11:53
                    jekyll.log
                    jekyll_err.log
       Jekyll Feed: Generating feed for posts
                    ...done in 0.1038328 seconds.
                    
      Regenerating: 2 file(s) changed at 2026-06-20 22:11:54
                    jekyll.log
                    jekyll_err.log
       Jekyll Feed: Generating feed for posts
                    ...done in 0.137554 seconds.
                    
      Regenerating: 2 file(s) changed at 2026-06-20 22:11:55
                    jekyll.log
                    jekyll_err.log
       Jekyll Feed: Generating feed for posts
                    ...done in 0.1159286 seconds.
                    
      Regenerating: 2 file(s) changed at 2026-06-20 22:11:56
                    jekyll.log
                    jekyll_err.log
       Jekyll Feed: Generating feed for posts
                    ...done in 0.1329023 seconds.
                    
      Regenerating: 2 file(s) changed at 2026-06-20 22:11:57
                    jekyll.log
                    jekyll_err.log
       Jekyll Feed: Generating feed for posts
                    ...done in 0.1081708 seconds.
                    
      Regenerating: 2 file(s) changed at 2026-06-20 22:11:58
                    jekyll.log
                    jekyll_err.log
       Jekyll Feed: Generating feed for posts
                    ...done in 0.1061334 seconds.
                    
      Regenerating: 2 file(s) changed at 2026-06-20 22:11:59
                    jekyll.log
                    jekyll_err.log
       Jekyll Feed: Generating feed for posts
                    ...done in 0.1155243 seconds.
                    
      Regenerating: 2 file(s) changed at 2026-06-20 22:12:00
                    jekyll.log
                    jekyll_err.log
       Jekyll Feed: Generating feed for posts
                    ...done in 0.1003146 seconds.
                    
      Regenerating: 2 file(s) changed at 2026-06-20 22:12:01
                    jekyll.log
                    jekyll_err.log
       Jekyll Feed: Generating feed for posts
                    ...done in 0.111647 seconds.
                    
      Regenerating: 2 file(s) changed at 2026-06-20 22:12:02
                    jekyll.log
                    jekyll_err.log
       Jekyll Feed: Generating feed for posts
                    ...done in 0.1140289 seconds.
                    
      Regenerating: 2 file(s) changed at 2026-06-20 22:12:03
                    jekyll.log
                    jekyll_err.log
       Jekyll Feed: Generating feed for posts
                    ...done in 0.1022388 seconds.
                    
      Regenerating: 2 file(s) changed at 2026-06-20 22:12:04
                    jekyll.log
                    jekyll_err.log
       Jekyll Feed: Generating feed for posts
                    ...done in 0.1042341 seconds.
                    
      Regenerating: 2 file(s) changed at 2026-06-20 22:12:05
                    jekyll.log
                    jekyll_err.log
       Jekyll Feed: Generating feed for posts
                    ...done in 0.106037 seconds.
                    
      Regenerating: 2 file(s) changed at 2026-06-20 22:12:06
                    jekyll.log
                    jekyll_err.log
       Jekyll Feed: Generating feed for posts
                    ...done in 0.1027382 seconds.
                    
      Regenerating: 2 file(s) changed at 2026-06-20 22:12:07
                    jekyll.log
                    jekyll_err.log
       Jekyll Feed: Generating feed for posts
                    ...done in 0.1111277 seconds.
                    
      Regenerating: 2 file(s) changed at 2026-06-20 22:12:08
                    jekyll.log
                    jekyll_err.log
       Jekyll Feed: Generating feed for posts
                    ...done in 0.1049658 seconds.
                    
      Regenerating: 2 file(s) changed at 2026-06-20 22:12:09
                    jekyll.log
                    jekyll_err.log
       Jekyll Feed: Generating feed for posts
                    ...done in 0.1042951 seconds.
                    
      Regenerating: 2 file(s) changed at 2026-06-20 22:12:10
                    jekyll.log
                    jekyll_err.log
       Jekyll Feed: Generating feed for posts
                    ...done in 0.1076812 seconds.
                    
      Regenerating: 2 file(s) changed at 2026-06-20 22:12:11
                    jekyll.log
                    jekyll_err.log
       Jekyll Feed: Generating feed for posts
                    ...done in 0.1093847 seconds.
                    
      Regenerating: 2 file(s) changed at 2026-06-20 22:12:12
                    jekyll.log
                    jekyll_err.log
       Jekyll Feed: Generating feed for posts
                    ...done in 0.1082446 seconds.
                    
      Regenerating: 2 file(s) changed at 2026-06-20 22:12:13
                    jekyll.log
                    jekyll_err.log
       Jekyll Feed: Generating feed for posts
                    ...done in 0.1014932 seconds.
                    
      Regenerating: 2 file(s) changed at 2026-06-20 22:12:14
                    jekyll.log
                    jekyll_err.log
       Jekyll Feed: Generating feed for posts
                    ...done in 0.1111668 seconds.
                    
      Regenerating: 2 file(s) changed at 2026-06-20 22:12:15
                    jekyll.log
                    jekyll_err.log
       Jekyll Feed: Generating feed for posts
                    ...done in 0.1160664 seconds.
                    
      Regenerating: 2 file(s) changed at 2026-06-20 22:12:16
                    jekyll.log
                    jekyll_err.log
       Jekyll Feed: Generating feed for posts
                    ...done in 0.1035982 seconds.
                    
      Regenerating: 2 file(s) changed at 2026-06-20 22:12:17
                    jekyll.log
                    jekyll_err.log
       Jekyll Feed: Generating feed for posts
                    ...done in 0.1047221 seconds.
                    
      Regenerating: 2 file(s) changed at 2026-06-20 22:12:18
                    jekyll.log
                    jekyll_err.log
       Jekyll Feed: Generating feed for posts
                    ...done in 0.1146896 seconds.
                    
      Regenerating: 2 file(s) changed at 2026-06-20 22:12:19
                    jekyll.log
                    jekyll_err.log
       Jekyll Feed: Generating feed for posts
                    ...done in 0.113626 seconds.
                    
      Regenerating: 2 file(s) changed at 2026-06-20 22:12:20
                    jekyll.log
                    jekyll_err.log
       Jekyll Feed: Generating feed for posts
                    ...done in 0.1064469 seconds.
                    
      Regenerating: 2 file(s) changed at 2026-06-20 22:12:21
                    jekyll.log
                    jekyll_err.log
       Jekyll Feed: Generating feed for posts
                    ...done in 0.1027083 seconds.
                    
      Regenerating: 2 file(s) changed at 2026-06-20 22:12:22
                    jekyll.log
                    jekyll_err.log
       Jekyll Feed: Generating feed for posts
                    ...done in 0.1076992 seconds.
                    
      Regenerating: 2 file(s) changed at 2026-06-20 22:12:23
                    jekyll.log
                    jekyll_err.log
       Jekyll Feed: Generating feed for posts
                    ...done in 0.1114744 seconds.
                    
      Regenerating: 2 file(s) changed at 2026-06-20 22:12:24
                    jekyll.log
                    jekyll_err.log
       Jekyll Feed: Generating feed for posts
                    ...done in 0.1092793 seconds.
                    
      Regenerating: 2 file(s) changed at 2026-06-20 22:12:25
                    jekyll.log
                    jekyll_err.log
       Jekyll Feed: Generating feed for posts
                    ...done in 0.1149958 seconds.
                    
      Regenerating: 2 file(s) changed at 2026-06-20 22:12:26
                    jekyll.log
                    jekyll_err.log
       Jekyll Feed: Generating feed for posts
                    ...done in 0.1296736 seconds.
                    
      Regenerating: 2 file(s) changed at 2026-06-20 22:12:27
                    jekyll.log
                    jekyll_err.log
       Jekyll Feed: Generating feed for posts
                    ...done in 0.1120746 seconds.
                    
      Regenerating: 2 file(s) changed at 2026-06-20 22:12:28
                    jekyll.log
                    jekyll_err.log
       Jekyll Feed: Generating feed for posts
                    ...done in 0.107369 seconds.
                    
      Regenerating: 2 file(s) changed at 2026-06-20 22:12:29
                    jekyll.log
                    jekyll_err.log
       Jekyll Feed: Generating feed for posts
                    ...done in 0.1283374 seconds.
                    
      Regenerating: 2 file(s) changed at 2026-06-20 22:12:30
                    jekyll.log
                    jekyll_err.log
       Jekyll Feed: Generating feed for posts
                    ...done in 0.1053082 seconds.
                    
      Regenerating: 2 file(s) changed at 2026-06-20 22:12:31
                    jekyll.log
                    jekyll_err.log
       Jekyll Feed: Generating feed for posts
                    ...done in 0.1178032 seconds.
                    
      Regenerating: 2 file(s) changed at 2026-06-20 22:12:32
                    jekyll.log
                    jekyll_err.log
       Jekyll Feed: Generating feed for posts
                    ...done in 0.1083993 seconds.
                    
